<?xml version="1.0" encoding="UTF-8"?>
<!-- Generated by org.testng.reporters.JUnitXMLReporter -->
<testsuite hostname="Ami" name="SmokeTest" tests="2" failures="1" timestamp="20 Mar 2017 14:31:57 GMT" time="10.526" errors="0">
  <testcase name="loginTest" time="0.806" classname="w2c.marketData.Tests.LoginTest">
    <failure type="java.lang.AssertionError" message="expected [true] but found [false]">
      <![CDATA[java.lang.AssertionError: expected [true] but found [false]
	at w2c.marketData.Tests.LoginTest.loginTest(LoginTest.java:26)
... Removed 29 stack frames]]>
    </failure>
  </testcase> <!-- loginTest -->
  <testcase name="testPageTitle" time="0.041" classname="w2c.marketData.Tests.LoginTest"/>
</testsuite> <!-- SmokeTest -->
