<?xml version="1.0" encoding="UTF-8"?>
<!-- Generated by org.testng.reporters.JUnitXMLReporter -->
<testsuite hostname="Ami" name="Test" tests="1" failures="1" timestamp="20 Apr 2017 14:38:27 GMT" time="13.034" errors="0">
  <testcase name="newCustomerTest" time="1.548" classname="w2c.marketData.Tests.AccountsTest">
    <failure type="java.lang.NullPointerException">
      <![CDATA[java.lang.NullPointerException
	at org.openqa.selenium.remote.RemoteWebDriver.findElement(RemoteWebDriver.java:360)
	at org.openqa.selenium.support.ui.ExpectedConditions.findElement(ExpectedConditions.java:895)
	at org.openqa.selenium.support.ui.ExpectedConditions.access$000(ExpectedConditions.java:41)
	at org.openqa.selenium.support.ui.ExpectedConditions$7.apply(ExpectedConditions.java:205)
	at org.openqa.selenium.support.ui.ExpectedConditions$7.apply(ExpectedConditions.java:201)
	at org.openqa.selenium.support.ui.FluentWait.until(FluentWait.java:238)
	at w2c.marketData.Common.DriverSetup.explicitWait(DriverSetup.java:67)
	at w2c.marketData.Tests.AccountsTest.newCustomerTest(AccountsTest.java:32)
... Removed 24 stack frames]]>
    </failure>
  </testcase> <!-- newCustomerTest -->
</testsuite> <!-- Test -->
