<?xml version="1.0" encoding="UTF-8"?>
<testng-results skipped="0" failed="1" total="1" passed="0">
  <reporter-output>
    <line>
      <![CDATA[Creating firefox driver ]]>
    </line>
    <line>
      <![CDATA[newcustomerTest]]>
    </line>
    <line>
      <![CDATA[waiting for Page to Load..]]>
    </line>
  </reporter-output>
  <suite name="TradeData" duration-ms="13034" started-at="2017-04-20T14:38:14Z" finished-at="2017-04-20T14:38:27Z">
    <groups>
    </groups>
    <test name="Test" duration-ms="13034" started-at="2017-04-20T14:38:14Z" finished-at="2017-04-20T14:38:27Z">
      <class name="w2c.marketData.Tests.AccountsTest">
        <test-method status="PASS" signature="initializeTestBaseSetup(java.lang.String, java.lang.String)[pri:0, instance:w2c.marketData.Tests.AccountsTest@685cb137]" name="initializeTestBaseSetup" is-config="true" duration-ms="11462" started-at="2017-04-20T20:08:14Z" finished-at="2017-04-20T20:08:26Z">
          <params>
            <param index="0">
              <value>
                <![CDATA[firefox]]>
              </value>
            </param>
            <param index="1">
              <value>
                <![CDATA[http://demo.guru99.com/v4]]>
              </value>
            </param>
          </params>
          <reporter-output>
            <line>
              <![CDATA[Creating firefox driver ]]>
            </line>
          </reporter-output>
        </test-method> <!-- initializeTestBaseSetup -->
        <test-method status="FAIL" signature="newCustomerTest()[pri:1, instance:w2c.marketData.Tests.AccountsTest@685cb137]" name="newCustomerTest" duration-ms="1548" started-at="2017-04-20T20:08:26Z" finished-at="2017-04-20T20:08:27Z">
          <exception class="java.lang.NullPointerException">
            <full-stacktrace>
              <![CDATA[java.lang.NullPointerException
	at org.openqa.selenium.remote.RemoteWebDriver.findElement(RemoteWebDriver.java:360)
	at org.openqa.selenium.support.ui.ExpectedConditions.findElement(ExpectedConditions.java:895)
	at org.openqa.selenium.support.ui.ExpectedConditions.access$000(ExpectedConditions.java:41)
	at org.openqa.selenium.support.ui.ExpectedConditions$7.apply(ExpectedConditions.java:205)
	at org.openqa.selenium.support.ui.ExpectedConditions$7.apply(ExpectedConditions.java:201)
	at org.openqa.selenium.support.ui.FluentWait.until(FluentWait.java:238)
	at w2c.marketData.Common.DriverSetup.explicitWait(DriverSetup.java:67)
	at w2c.marketData.Tests.AccountsTest.newCustomerTest(AccountsTest.java:32)
	at sun.reflect.NativeMethodAccessorImpl.invoke0(Native Method)
	at sun.reflect.NativeMethodAccessorImpl.invoke(NativeMethodAccessorImpl.java:62)
	at sun.reflect.DelegatingMethodAccessorImpl.invoke(DelegatingMethodAccessorImpl.java:43)
	at java.lang.reflect.Method.invoke(Method.java:498)
	at org.testng.internal.MethodInvocationHelper.invokeMethod(MethodInvocationHelper.java:85)
	at org.testng.internal.Invoker.invokeMethod(Invoker.java:639)
	at org.testng.internal.Invoker.invokeTestMethod(Invoker.java:816)
	at org.testng.internal.Invoker.invokeTestMethods(Invoker.java:1124)
	at org.testng.internal.TestMethodWorker.invokeTestMethods(TestMethodWorker.java:125)
	at org.testng.internal.TestMethodWorker.run(TestMethodWorker.java:108)
	at org.testng.TestRunner.privateRun(TestRunner.java:774)
	at org.testng.TestRunner.run(TestRunner.java:624)
	at org.testng.SuiteRunner.runTest(SuiteRunner.java:359)
	at org.testng.SuiteRunner.runSequentially(SuiteRunner.java:354)
	at org.testng.SuiteRunner.privateRun(SuiteRunner.java:312)
	at org.testng.SuiteRunner.run(SuiteRunner.java:261)
	at org.testng.SuiteRunnerWorker.runSuite(SuiteRunnerWorker.java:52)
	at org.testng.SuiteRunnerWorker.run(SuiteRunnerWorker.java:86)
	at org.testng.TestNG.runSuitesSequentially(TestNG.java:1215)
	at org.testng.TestNG.runSuitesLocally(TestNG.java:1140)
	at org.testng.TestNG.run(TestNG.java:1048)
	at org.testng.remote.AbstractRemoteTestNG.run(AbstractRemoteTestNG.java:126)
	at org.testng.remote.RemoteTestNG.initAndRun(RemoteTestNG.java:137)
	at org.testng.remote.RemoteTestNG.main(RemoteTestNG.java:58)
]]>
            </full-stacktrace>
          </exception> <!-- java.lang.NullPointerException -->
          <reporter-output>
            <line>
              <![CDATA[newcustomerTest]]>
            </line>
            <line>
              <![CDATA[waiting for Page to Load..]]>
            </line>
          </reporter-output>
        </test-method> <!-- newCustomerTest -->
        <test-method status="PASS" signature="tearDown()[pri:0, instance:w2c.marketData.Tests.AccountsTest@685cb137]" name="tearDown" is-config="true" duration-ms="0" started-at="2017-04-20T20:08:27Z" finished-at="2017-04-20T20:08:27Z">
          <reporter-output>
          </reporter-output>
        </test-method> <!-- tearDown -->
      </class> <!-- w2c.marketData.Tests.AccountsTest -->
    </test> <!-- Test -->
  </suite> <!-- TradeData -->
</testng-results>
