<?xml version="1.0" encoding="UTF-8"?>
<testng-results skipped="0" failed="1" total="6" passed="5">
  <reporter-output>
    <line>
      <![CDATA[Creating firefox driver ]]>
    </line>
    <line>
      <![CDATA[newcustomerTest]]>
    </line>
    <line>
      <![CDATA[NewAccount]]>
    </line>
    <line>
      <![CDATA[EditAccount]]>
    </line>
    <line>
      <![CDATA[DeleteAccount]]>
    </line>
    <line>
      <![CDATA[Deposit]]>
    </line>
    <line>
      <![CDATA[Widthdraw]]>
    </line>
  </reporter-output>
  <suite name="TradeData" duration-ms="54556" started-at="2017-05-07T13:10:57Z" finished-at="2017-05-07T13:11:51Z">
    <groups>
    </groups>
    <test name="Test" duration-ms="54556" started-at="2017-05-07T13:10:57Z" finished-at="2017-05-07T13:11:51Z">
      <class name="w2c.marketData.Tests.AccountsTest">
        <test-method status="PASS" signature="initializeTestBaseSetup(java.lang.String, java.lang.String)[pri:0, instance:w2c.marketData.Tests.AccountsTest@42d80b78]" name="initializeTestBaseSetup" is-config="true" duration-ms="10346" started-at="2017-05-07T18:40:57Z" finished-at="2017-05-07T18:41:07Z">
          <params>
            <param index="0">
              <value>
                <![CDATA[firefox]]>
              </value>
            </param>
            <param index="1">
              <value>
                <![CDATA[http://demo.guru99.com/v4]]>
              </value>
            </param>
          </params>
          <reporter-output>
            <line>
              <![CDATA[Creating firefox driver ]]>
            </line>
          </reporter-output>
        </test-method> <!-- initializeTestBaseSetup -->
        <test-method status="PASS" signature="newCustomerTest()[pri:1, instance:w2c.marketData.Tests.AccountsTest@42d80b78]" name="newCustomerTest" duration-ms="6494" started-at="2017-05-07T18:41:07Z" finished-at="2017-05-07T18:41:14Z">
          <reporter-output>
            <line>
              <![CDATA[newcustomerTest]]>
            </line>
          </reporter-output>
        </test-method> <!-- newCustomerTest -->
        <test-method status="PASS" signature="newAccountTest()[pri:2, instance:w2c.marketData.Tests.AccountsTest@42d80b78]" name="newAccountTest" duration-ms="2127" started-at="2017-05-07T18:41:14Z" finished-at="2017-05-07T18:41:16Z">
          <reporter-output>
            <line>
              <![CDATA[NewAccount]]>
            </line>
          </reporter-output>
        </test-method> <!-- newAccountTest -->
        <test-method status="PASS" signature="editAccount()[pri:3, instance:w2c.marketData.Tests.AccountsTest@42d80b78]" name="editAccount" duration-ms="1876" started-at="2017-05-07T18:41:16Z" finished-at="2017-05-07T18:41:18Z">
          <reporter-output>
            <line>
              <![CDATA[EditAccount]]>
            </line>
          </reporter-output>
        </test-method> <!-- editAccount -->
        <test-method status="FAIL" signature="deleteAccoutn()[pri:4, instance:w2c.marketData.Tests.AccountsTest@42d80b78]" name="deleteAccoutn" duration-ms="166" started-at="2017-05-07T18:41:18Z" finished-at="2017-05-07T18:41:18Z">
          <exception class="org.openqa.selenium.NoAlertPresentException">
            <message>
              <![CDATA[No tab modal was open when attempting to get the dialog text
Build info: version: '3.0.1', revision: '1969d75', time: '2016-10-18 09:49:13 -0700'
System info: host: 'Ami', ip: '192.168.2.10', os.name: 'Windows 10', os.arch: 'amd64', os.version: '10.0', java.version: '1.8.0_91'
Driver info: org.openqa.selenium.firefox.FirefoxDriver
Capabilities [{rotatable=false, raisesAccessibilityExceptions=false, appBuildId=20161031133903, version=47.0.2, platform=XP, proxy={}, command_id=1, specificationLevel=0, acceptSslCerts=false, browserVersion=47.0.2, platformVersion=10.0, XULappId={ec8030f7-c20a-464f-9b0e-13a3a9e97384}, browserName=Firefox, takesScreenshot=true, takesElementScreenshot=true, platformName=Windows_NT, device=desktop}]
Session ID: 631eebf6-ab64-43f5-aff4-46d0a6c60803]]>
            </message>
            <full-stacktrace>
              <![CDATA[org.openqa.selenium.NoAlertPresentException: No tab modal was open when attempting to get the dialog text
Build info: version: '3.0.1', revision: '1969d75', time: '2016-10-18 09:49:13 -0700'
System info: host: 'Ami', ip: '192.168.2.10', os.name: 'Windows 10', os.arch: 'amd64', os.version: '10.0', java.version: '1.8.0_91'
Driver info: org.openqa.selenium.firefox.FirefoxDriver
Capabilities [{rotatable=false, raisesAccessibilityExceptions=false, appBuildId=20161031133903, version=47.0.2, platform=XP, proxy={}, command_id=1, specificationLevel=0, acceptSslCerts=false, browserVersion=47.0.2, platformVersion=10.0, XULappId={ec8030f7-c20a-464f-9b0e-13a3a9e97384}, browserName=Firefox, takesScreenshot=true, takesElementScreenshot=true, platformName=Windows_NT, device=desktop}]
Session ID: 631eebf6-ab64-43f5-aff4-46d0a6c60803
	at sun.reflect.NativeConstructorAccessorImpl.newInstance0(Native Method)
	at sun.reflect.NativeConstructorAccessorImpl.newInstance(NativeConstructorAccessorImpl.java:62)
	at sun.reflect.DelegatingConstructorAccessorImpl.newInstance(DelegatingConstructorAccessorImpl.java:45)
	at java.lang.reflect.Constructor.newInstance(Constructor.java:423)
	at org.openqa.selenium.remote.http.W3CHttpResponseCodec.createException(W3CHttpResponseCodec.java:127)
	at org.openqa.selenium.remote.http.W3CHttpResponseCodec.decode(W3CHttpResponseCodec.java:93)
	at org.openqa.selenium.remote.http.W3CHttpResponseCodec.decode(W3CHttpResponseCodec.java:42)
	at org.openqa.selenium.remote.HttpCommandExecutor.execute(HttpCommandExecutor.java:163)
	at org.openqa.selenium.remote.service.DriverCommandExecutor.execute(DriverCommandExecutor.java:82)
	at org.openqa.selenium.remote.RemoteWebDriver.execute(RemoteWebDriver.java:601)
	at org.openqa.selenium.remote.RemoteWebDriver.execute(RemoteWebDriver.java:658)
	at org.openqa.selenium.remote.RemoteWebDriver$RemoteTargetLocator.alert(RemoteWebDriver.java:977)
	at w2c.marketData.Common.Alert_Screenshot.captureAlertText(Alert_Screenshot.java:20)
	at w2c.marketData.Tests.AccountsTest.deleteAccoutn(AccountsTest.java:94)
	at sun.reflect.NativeMethodAccessorImpl.invoke0(Native Method)
	at sun.reflect.NativeMethodAccessorImpl.invoke(NativeMethodAccessorImpl.java:62)
	at sun.reflect.DelegatingMethodAccessorImpl.invoke(DelegatingMethodAccessorImpl.java:43)
	at java.lang.reflect.Method.invoke(Method.java:498)
	at org.testng.internal.MethodInvocationHelper.invokeMethod(MethodInvocationHelper.java:85)
	at org.testng.internal.Invoker.invokeMethod(Invoker.java:639)
	at org.testng.internal.Invoker.invokeTestMethod(Invoker.java:816)
	at org.testng.internal.Invoker.invokeTestMethods(Invoker.java:1124)
	at org.testng.internal.TestMethodWorker.invokeTestMethods(TestMethodWorker.java:125)
	at org.testng.internal.TestMethodWorker.run(TestMethodWorker.java:108)
	at org.testng.TestRunner.privateRun(TestRunner.java:774)
	at org.testng.TestRunner.run(TestRunner.java:624)
	at org.testng.SuiteRunner.runTest(SuiteRunner.java:359)
	at org.testng.SuiteRunner.runSequentially(SuiteRunner.java:354)
	at org.testng.SuiteRunner.privateRun(SuiteRunner.java:312)
	at org.testng.SuiteRunner.run(SuiteRunner.java:261)
	at org.testng.SuiteRunnerWorker.runSuite(SuiteRunnerWorker.java:52)
	at org.testng.SuiteRunnerWorker.run(SuiteRunnerWorker.java:86)
	at org.testng.TestNG.runSuitesSequentially(TestNG.java:1215)
	at org.testng.TestNG.runSuitesLocally(TestNG.java:1140)
	at org.testng.TestNG.run(TestNG.java:1048)
	at org.testng.remote.AbstractRemoteTestNG.run(AbstractRemoteTestNG.java:126)
	at org.testng.remote.RemoteTestNG.initAndRun(RemoteTestNG.java:137)
	at org.testng.remote.RemoteTestNG.main(RemoteTestNG.java:58)
]]>
            </full-stacktrace>
          </exception> <!-- org.openqa.selenium.NoAlertPresentException -->
          <reporter-output>
            <line>
              <![CDATA[DeleteAccount]]>
            </line>
          </reporter-output>
        </test-method> <!-- deleteAccoutn -->
        <test-method status="PASS" signature="deposit()[pri:5, instance:w2c.marketData.Tests.AccountsTest@42d80b78]" name="deposit" duration-ms="31446" started-at="2017-05-07T18:41:18Z" finished-at="2017-05-07T18:41:49Z">
          <reporter-output>
            <line>
              <![CDATA[Deposit]]>
            </line>
          </reporter-output>
        </test-method> <!-- deposit -->
        <test-method status="PASS" signature="widthdrawl()[pri:6, instance:w2c.marketData.Tests.AccountsTest@42d80b78]" name="widthdrawl" duration-ms="2067" started-at="2017-05-07T18:41:49Z" finished-at="2017-05-07T18:41:51Z">
          <reporter-output>
            <line>
              <![CDATA[Widthdraw]]>
            </line>
          </reporter-output>
        </test-method> <!-- widthdrawl -->
      </class> <!-- w2c.marketData.Tests.AccountsTest -->
    </test> <!-- Test -->
  </suite> <!-- TradeData -->
</testng-results>
